rm -f *.o *.mod emcsfc_accum_firedata ../../exec/emcsfc_accum_firedata
rm -f *.o *.mod surface_chgres.i emcsfc_coldstart ../../exec/emcsfc_coldstart
rm -f *.o *.mod emcsfc_fire2mdl ../../exec/emcsfc_fire2mdl
rm -f *.o *.mod libgridgen_sfc.a ../../../incmod/emcsfc_gridgen_sfc/*.mod ../../../lib/libgridgen_sfc.a
rm -f *.o *.mod emcsfc_gridgen_sfc ../../../exec/emcsfc_gridgen_sfc
rm -f *.o *.mod emcsfc_ice2mdl ../../exec/emcsfc_ice2mdl
rm -f *.o *.mod emcsfc_sfcupdate ../../exec/emcsfc_sfcupdate
rm -f *.o *.mod emcsfc_snow2mdl ../../exec/emcsfc_snow2mdl
rm -f *.o *.mod emcsfc_sst2mdl ../../exec/emcsfc_sst2mdl
rm: cannot remove '../exec/*': No such file or directory

DONE BUILDING EMCSFC PROGRAMS
+++ pwd
++ SORC=/lfs/h2/emc/lam/noscrub/Eric.Rogers/nam.v4.2.0/sorc/nam_land_utilities.fd/sorc
++ cd ../../../versions
++ source build.ver
+++ export envvar_ver=1.0
+++ envvar_ver=1.0
+++ export PrgEnv_intel_ver=8.1.0
+++ PrgEnv_intel_ver=8.1.0
+++ export intel_ver=19.1.3.304
+++ intel_ver=19.1.3.304
+++ export craype_ver=2.7.10
+++ craype_ver=2.7.10
+++ export cray_mpich_ver=8.1.9
+++ cray_mpich_ver=8.1.9
+++ export cray_pals_ver=1.0.17
+++ cray_pals_ver=1.0.17
+++ export netcdf_ver=4.7.4
+++ netcdf_ver=4.7.4
+++ export nemsio_ver=2.5.2
+++ nemsio_ver=2.5.2
+++ export hdf5_ver=1.10.6
+++ hdf5_ver=1.10.6
+++ export prod_util_ver=2.0.10
+++ prod_util_ver=2.0.10
+++ export prod_envir_ver=2.0.5
+++ prod_envir_ver=2.0.5
+++ export libjpeg_ver=9c
+++ libjpeg_ver=9c
+++ export libpng_ver=1.6.37
+++ libpng_ver=1.6.37
+++ export jasper_ver=2.0.25
+++ jasper_ver=2.0.25
+++ export zlib_ver=1.2.11
+++ zlib_ver=1.2.11
+++ export grib_util_ver=1.2.3
+++ grib_util_ver=1.2.3
+++ export util_shared_ver=1.4.0
+++ util_shared_ver=1.4.0
+++ export cfp_ver=2.0.4
+++ cfp_ver=2.0.4
+++ export crtm_ver=2.3.0
+++ crtm_ver=2.3.0
+++ export gempak_ver=7.14.1
+++ gempak_ver=7.14.1
+++ export wrf_io_ver=1.2.0
+++ wrf_io_ver=1.2.0
+++ export cmake_ver=3.20.2
+++ cmake_ver=3.20.2
+++ export bufr_ver=11.5.0
+++ bufr_ver=11.5.0
+++ export esmf_ver=7.1.0r
+++ esmf_ver=7.1.0r
+++ export sp_ver=2.3.3
+++ sp_ver=2.3.3
+++ export ip_ver=3.3.3
+++ ip_ver=3.3.3
+++ export bacio_ver=2.4.1
+++ bacio_ver=2.4.1
+++ export sfcio_ver=1.4.1
+++ sfcio_ver=1.4.1
+++ export sigio_ver=2.3.2
+++ sigio_ver=2.3.2
+++ export w3emc_ver=2.9.1
+++ w3emc_ver=2.9.1
+++ export w3nco_ver=2.4.1
+++ w3nco_ver=2.4.1
+++ export g2_ver=3.4.5
+++ g2_ver=3.4.5
+++ export g2c_ver=1.6.4
+++ g2c_ver=1.6.4
+++ export g2tmpl_ver=1.10.0
+++ g2tmpl_ver=1.10.0
+++ export libxm12_ver=2.9.10
+++ libxm12_ver=2.9.10
+++ export landsfcutil_ver=2.4.1
+++ landsfcutil_ver=2.4.1
+++ export gfsio_ver=1.4.1
+++ gfsio_ver=1.4.1
+++ export python_ver=3.8.6
+++ python_ver=3.8.6
+++ export git_ver=2.29.0
+++ git_ver=2.29.0
++ cd /lfs/h2/emc/lam/noscrub/Eric.Rogers/nam.v4.2.0/sorc/nam_land_utilities.fd/sorc
++ for directory in ./*.fd
++ case $directory in
++ cd ./emcsfc_accum_firedata.fd
++ make clean
++ make.sh
++ cd ..
++ for directory in ./*.fd
++ case $directory in
++ cd ./emcsfc_coldstart.fd
++ make clean
++ make.sh
++ cd ..
++ for directory in ./*.fd
++ case $directory in
++ cd ./emcsfc_fire2mdl.fd
++ make clean
++ make.sh
++ cd ..
++ for directory in ./*.fd
++ case $directory in
++ cd ./emcsfc_gridgen_sfc.fd/lib
++ make clean
++ make.sh
++ cd ../driver
++ make clean
++ make.sh
++ cd ../..
++ for directory in ./*.fd
++ case $directory in
++ cd ./emcsfc_ice2mdl.fd
++ make clean
++ make.sh
++ cd ..
++ for directory in ./*.fd
++ case $directory in
++ cd ./emcsfc_sfcupdate.fd
++ make clean
++ make.sh
++ cd ..
++ for directory in ./*.fd
++ case $directory in
++ cd ./emcsfc_snow2mdl.fd
++ make clean
++ make.sh
++ cd ..
++ for directory in ./*.fd
++ case $directory in
++ cd ./emcsfc_sst2mdl.fd
++ make clean
++ make.sh
++ cd ..
++ cp '../exec/*' ../../../exec/.
cp: cannot stat '../exec/*': No such file or directory
++ echo
++ echo DONE BUILDING EMCSFC PROGRAMS
